<?xml version="1.0" encoding="UTF-8"?>
<testsuite name="com.example.workshopreservas.WorkshopReservasApplicationTests" tests="1" skipped="0" failures="0" errors="0" timestamp="2023-04-13T23:21:57" hostname="DESKTOP-A3K7IJ8" time="0.565">
  <properties/>
  <testcase name="contextLoads()" classname="com.example.workshopreservas.WorkshopReservasApplicationTests" time="0.565"/>
  <system-out><![CDATA[18:21:24.000 [Test worker] DEBUG org.springframework.test.context.BootstrapUtils - Instantiating CacheAwareContextLoaderDelegate from class [org.springframework.test.context.cache.DefaultCacheAwareContextLoaderDelegate]
18:21:24.064 [Test worker] DEBUG org.springframework.test.context.BootstrapUtils - Instantiating BootstrapContext using constructor [public org.springframework.test.context.support.DefaultBootstrapContext(java.lang.Class,org.springframework.test.context.CacheAwareContextLoaderDelegate)]
18:21:24.505 [Test worker] DEBUG org.springframework.test.context.BootstrapUtils - Instantiating TestContextBootstrapper for test class [com.example.workshopreservas.WorkshopReservasApplicationTests] from class [org.springframework.boot.test.context.SpringBootTestContextBootstrapper]
18:21:24.703 [Test worker] INFO org.springframework.boot.test.context.SpringBootTestContextBootstrapper - Neither @ContextConfiguration nor @ContextHierarchy found for test class [com.example.workshopreservas.WorkshopReservasApplicationTests], using SpringBootContextLoader
18:21:24.715 [Test worker] DEBUG org.springframework.test.context.support.AbstractContextLoader - Did not detect default resource location for test class [com.example.workshopreservas.WorkshopReservasApplicationTests]: class path resource [com/example/workshopreservas/WorkshopReservasApplicationTests-context.xml] does not exist
18:21:24.717 [Test worker] DEBUG org.springframework.test.context.support.AbstractContextLoader - Did not detect default resource location for test class [com.example.workshopreservas.WorkshopReservasApplicationTests]: class path resource [com/example/workshopreservas/WorkshopReservasApplicationTestsContext.groovy] does not exist
18:21:24.717 [Test worker] INFO org.springframework.test.context.support.AbstractContextLoader - Could not detect default resource locations for test class [com.example.workshopreservas.WorkshopReservasApplicationTests]: no resource found for suffixes {-context.xml, Context.groovy}.
18:21:24.719 [Test worker] INFO org.springframework.test.context.support.AnnotationConfigContextLoaderUtils - Could not detect default configuration classes for test class [com.example.workshopreservas.WorkshopReservasApplicationTests]: WorkshopReservasApplicationTests does not declare any static, non-private, non-final, nested classes annotated with @Configuration.
18:21:25.913 [Test worker] DEBUG org.springframework.test.context.support.ActiveProfilesUtils - Could not find an 'annotation declaring class' for annotation type [org.springframework.test.context.ActiveProfiles] and class [com.example.workshopreservas.WorkshopReservasApplicationTests]
18:21:27.015 [Test worker] DEBUG org.springframework.context.annotation.ClassPathScanningCandidateComponentProvider - Identified candidate component class: file [C:\Users\Vivi\Documents\GitHub\reservasApi\reservas-hotel-api-java\build\classes\java\main\com\example\workshopreservas\WorkshopReservasApplication.class]
18:21:27.018 [Test worker] INFO org.springframework.boot.test.context.SpringBootTestContextBootstrapper - Found @SpringBootConfiguration com.example.workshopreservas.WorkshopReservasApplication for test class com.example.workshopreservas.WorkshopReservasApplicationTests
18:21:27.560 [Test worker] DEBUG org.springframework.boot.test.context.SpringBootTestContextBootstrapper - @TestExecutionListeners is not present for class [com.example.workshopreservas.WorkshopReservasApplicationTests]: using defaults.
18:21:27.562 [Test worker] INFO org.springframework.boot.test.context.SpringBootTestContextBootstrapper - Loaded default TestExecutionListener class names from location [META-INF/spring.factories]: [org.springframework.boot.test.autoconfigure.restdocs.RestDocsTestExecutionListener, org.springframework.boot.test.autoconfigure.web.client.MockRestServiceServerResetTestExecutionListener, org.springframework.boot.test.autoconfigure.web.servlet.MockMvcPrintOnlyOnFailureTestExecutionListener, org.springframework.boot.test.autoconfigure.web.servlet.WebDriverTestExecutionListener, org.springframework.boot.test.autoconfigure.webservices.client.MockWebServiceServerTestExecutionListener, org.springframework.boot.test.mock.mockito.MockitoTestExecutionListener, org.springframework.boot.test.mock.mockito.ResetMocksTestExecutionListener, org.springframework.test.context.web.ServletTestExecutionListener, org.springframework.test.context.support.DirtiesContextBeforeModesTestExecutionListener, org.springframework.test.context.event.ApplicationEventsTestExecutionListener, org.springframework.test.context.support.DependencyInjectionTestExecutionListener, org.springframework.test.context.support.DirtiesContextTestExecutionListener, org.springframework.test.context.transaction.TransactionalTestExecutionListener, org.springframework.test.context.jdbc.SqlScriptsTestExecutionListener, org.springframework.test.context.event.EventPublishingTestExecutionListener]
18:21:27.762 [Test worker] INFO org.springframework.boot.test.context.SpringBootTestContextBootstrapper - Using TestExecutionListeners: [org.springframework.test.context.web.ServletTestExecutionListener@6f6a7463, org.springframework.test.context.support.DirtiesContextBeforeModesTestExecutionListener@1bdaa23d, org.springframework.test.context.event.ApplicationEventsTestExecutionListener@79f227a9, org.springframework.boot.test.mock.mockito.MockitoTestExecutionListener@6ca320ab, org.springframework.boot.test.autoconfigure.SpringBootDependencyInjectionTestExecutionListener@50d68830, org.springframework.test.context.support.DirtiesContextTestExecutionListener@1e53135d, org.springframework.test.context.transaction.TransactionalTestExecutionListener@7674a051, org.springframework.test.context.jdbc.SqlScriptsTestExecutionListener@3a7704c, org.springframework.test.context.event.EventPublishingTestExecutionListener@6754ef00, org.springframework.boot.test.autoconfigure.restdocs.RestDocsTestExecutionListener@619bd14c, org.springframework.boot.test.autoconfigure.web.client.MockRestServiceServerResetTestExecutionListener@323e8306, org.springframework.boot.test.autoconfigure.web.servlet.MockMvcPrintOnlyOnFailureTestExecutionListener@a23a01d, org.springframework.boot.test.autoconfigure.web.servlet.WebDriverTestExecutionListener@4acf72b6, org.springframework.boot.test.autoconfigure.webservices.client.MockWebServiceServerTestExecutionListener@7561db12, org.springframework.boot.test.mock.mockito.ResetMocksTestExecutionListener@3301500b]
18:21:27.797 [Test worker] DEBUG org.springframework.test.context.support.AbstractDirtiesContextTestExecutionListener - Before test class: context [DefaultTestContext@4b770e40 testClass = WorkshopReservasApplicationTests, testInstance = [null], testMethod = [null], testException = [null], mergedContextConfiguration = [WebMergedContextConfiguration@78e16155 testClass = WorkshopReservasApplicationTests, locations = '{}', classes = '{class com.example.workshopreservas.WorkshopReservasApplication}', contextInitializerClasses = '[]', activeProfiles = '{}', propertySourceLocations = '{}', propertySourceProperties = '{org.springframework.boot.test.context.SpringBootTestContextBootstrapper=true}', contextCustomizers = set[org.springframework.boot.test.autoconfigure.actuate.metrics.MetricsExportContextCustomizerFactory$DisableMetricExportContextCustomizer@ea9b7c6, org.springframework.boot.test.autoconfigure.properties.PropertyMappingContextCustomizer@0, org.springframework.boot.test.autoconfigure.web.servlet.WebDriverContextCustomizerFactory$Customizer@dcfda20, org.springframework.boot.test.context.filter.ExcludeFilterContextCustomizer@40499e4f, org.springframework.boot.test.json.DuplicateJsonObjectContextCustomizerFactory$DuplicateJsonObjectContextCustomizer@7a791b66, org.springframework.boot.test.mock.mockito.MockitoContextCustomizer@0, org.springframework.boot.test.web.client.TestRestTemplateContextCustomizer@12bfd80d, org.springframework.boot.test.context.SpringBootTestArgs@1, org.springframework.boot.test.context.SpringBootTestWebEnvironment@295cf707], resourceBasePath = 'src/main/webapp', contextLoader = 'org.springframework.boot.test.context.SpringBootContextLoader', parent = [null]], attributes = map['org.springframework.test.context.web.ServletTestExecutionListener.activateListener' -> true]], class annotated with @DirtiesContext [false] with mode [null].

  .   ____          _            __ _ _
 /\\ / ___'_ __ _ _(_)_ __  __ _ \ \ \ \
( ( )\___ | '_ | '_| | '_ \/ _` | \ \ \ \
 \\/  ___)| |_)| | | | | || (_| |  ) ) ) )
  '  |____| .__|_| |_|_| |_\__, | / / / /
 =========|_|==============|___/=/_/_/_/
 :: Spring Boot ::               (v2.7.10)

2023-04-13 18:21:28.939  INFO 1820 --- [    Test worker] c.e.w.WorkshopReservasApplicationTests   : Starting WorkshopReservasApplicationTests using Java 11.0.17 on DESKTOP-A3K7IJ8 with PID 1820 (started by Vivi in C:\Users\Vivi\Documents\GitHub\reservasApi\reservas-hotel-api-java)
2023-04-13 18:21:28.942  INFO 1820 --- [    Test worker] c.e.w.WorkshopReservasApplicationTests   : No active profile set, falling back to 1 default profile: "default"
2023-04-13 18:21:34.122  INFO 1820 --- [    Test worker] .s.d.r.c.RepositoryConfigurationDelegate : Bootstrapping Spring Data JPA repositories in DEFAULT mode.
2023-04-13 18:21:34.996  INFO 1820 --- [    Test worker] .s.d.r.c.RepositoryConfigurationDelegate : Finished Spring Data repository scanning in 740 ms. Found 3 JPA repository interfaces.
2023-04-13 18:21:37.960  INFO 1820 --- [    Test worker] o.hibernate.jpa.internal.util.LogHelper  : HHH000204: Processing PersistenceUnitInfo [name: default]
2023-04-13 18:21:38.216  INFO 1820 --- [    Test worker] org.hibernate.Version                    : HHH000412: Hibernate ORM core version 5.6.15.Final
2023-04-13 18:21:38.950  INFO 1820 --- [    Test worker] o.hibernate.annotations.common.Version   : HCANN000001: Hibernate Commons Annotations {5.1.2.Final}
2023-04-13 18:21:39.444  INFO 1820 --- [    Test worker] com.zaxxer.hikari.HikariDataSource       : HikariPool-1 - Starting...
2023-04-13 18:21:41.490  INFO 1820 --- [    Test worker] com.zaxxer.hikari.HikariDataSource       : HikariPool-1 - Start completed.
2023-04-13 18:21:41.620  INFO 1820 --- [    Test worker] org.hibernate.dialect.Dialect            : HHH000400: Using dialect: org.hibernate.dialect.MySQL8Dialect
2023-04-13 18:21:45.582  INFO 1820 --- [    Test worker] o.h.e.t.j.p.i.JtaPlatformInitiator       : HHH000490: Using JtaPlatform implementation: [org.hibernate.engine.transaction.jta.platform.internal.NoJtaPlatform]
2023-04-13 18:21:45.686  INFO 1820 --- [    Test worker] j.LocalContainerEntityManagerFactoryBean : Initialized JPA EntityManagerFactory for persistence unit 'default'
2023-04-13 18:21:50.535  WARN 1820 --- [    Test worker] JpaBaseConfiguration$JpaWebConfiguration : spring.jpa.open-in-view is enabled by default. Therefore, database queries may be performed during view rendering. Explicitly configure spring.jpa.open-in-view to disable this warning
2023-04-13 18:21:57.809  INFO 1820 --- [    Test worker] c.e.w.WorkshopReservasApplicationTests   : Started WorkshopReservasApplicationTests in 29.853 seconds (JVM running for 41.943)
]]></system-out>
  <system-err><![CDATA[]]></system-err>
</testsuite>
